* using log directory ‘/Users/glamp/repos/yhat/yhatr/..Rcheck’
* using R version 3.0.0 (2013-04-03)
* using platform: x86_64-apple-darwin10.8.0 (64-bit)
* using session charset: UTF-8
* checking for file ‘./DESCRIPTION’ ... OK
* checking extension type ... Package
* this is package ‘yhatr’ version ‘0.1’
* checking package namespace information ... OK
* checking package dependencies ... OK
* checking if this is a source package ... OK
* checking if there is a namespace ... OK
* checking for executable files ... WARNING
Found the following executable files:
  .git/objects/01/3ed25079a68ded9c213f5afebf243bf374b725
  .git/objects/02/7f3664844606364598aa88dd4db88ca3560963
  .git/objects/05/50a6e3dab16fa5e7b9c983d7dd40e1301ed60d
  .git/objects/0a/1e7e2c00f43c7170b68f80ab3aaa4bcf7e8830
  .git/objects/0d/d9a904d009cc22e9b6aca9e0cc5aa3622cf939
  .git/objects/18/b83299fccb0441ef43997821549ea777b282c6
  .git/objects/19/92b6d422e6bdd01e8f62aa61737cead2f52156
  .git/objects/19/d571651094a37939c53f7c5a840f66feb445d2
  .git/objects/29/faef30ae917dc6c7fd9da2eb6d9453e66baf0a
  .git/objects/2b/2ab5ed0e74f7046a225866bce09bc3652d983f
  .git/objects/2c/3d4e768a1daeb2abd20c478ac41aff05271290
  .git/objects/31/6aced810909eb4e7a12cffa41d5ebe32e1780f
  .git/objects/32/69b97667decb975dac674140821eeda086f116
  .git/objects/3b/2e9185ec7605cb3d5d486e693a436e93b0bf55
  .git/objects/55/902632454ec25d2572a88400a2038becdb0d21
  .git/objects/5e/4804e594a4fa5baafa5aec8deb82c36aaecd78
  .git/objects/60/9573ebd2ec565ad0ad0ed05b3177d7b21102b3
  .git/objects/65/8ba3d68d853b7e5d98b68a3e2e1ebef8a0c511
  .git/objects/67/f67b7110efa64b0f1889aaa8e58eb52030690d
  .git/objects/6a/673f091a3f5d3c5a881ba40c1ac003f4ea834f
  .git/objects/6e/b5441723baf5c76f5249fa9bb6655ca3af9339
  .git/objects/74/bf847fbddc259c73ef0133d1b8693f81d70308
  .git/objects/79/77d7649e825b9acb84019633b21a5abeb5d57c
  .git/objects/7d/340d61e94081206fb91f70350d93b32e472301
  .git/objects/80/7ea251739a053faee6d72fe9dc3ae80d80cc15
  .git/objects/85/658a187263335f5e1deb4c8867f17c068013c9
  .git/objects/87/87d91992c0113b4315faab95797bdf89489e39
  .git/objects/8b/7cf4afeab149963d9d288885fa25ef8c74c4ae
  .git/objects/8d/bf1089453effd6d840962fb1d59be88ef73525
  .git/objects/90/bfcb510602aa11ae53a42dcec18ea39fbd8cec
  .git/objects/91/114bf2f2bba5e0c5252e75018da19b869776f1
  .git/objects/96/bdc3da74e6898e53b6b1412e5c6660588c7a69
  .git/objects/97/ff045a4d275b62ae97c14b368ad4505c2914be
  .git/objects/9d/5fa9c4062f5384e48387c3f0dfd080ff86e3ed
  .git/objects/9d/8563b2793e891967d5f422437ca90d0148af43
  .git/objects/a1/1beaf89f2598584c446344125552c09c06ed1d
  .git/objects/a4/680c5a0bfbca69fcc555a66fb4bd13f5b18ab1
  .git/objects/a9/d9e86ac7bf0700076d7efb5c04eea2435c7a1b
  .git/objects/ab/7cc5ef47f14b745434456ad0b0de215f4576da
  .git/objects/b7/73c14de854a3d63bd4335c846d845da2ba4192
  .git/objects/bf/288e0bc32d8ff09a59b423c85fc73355a95aa3
  .git/objects/c9/ecd774a395b89b8d47bcd7c46c81b1a105c784
  .git/objects/d1/26ce6ec2ae595c2cfca5de1b6b6fd35edfc45c
  .git/objects/d3/aaa870288f79e85cd3cefeb3a15039c03609ab
  .git/objects/d6/b42d16de99389c350e2e15c00fb102c2927edb
  .git/objects/d7/5f824ec6278db24891505b14ab3d915514dba7
  .git/objects/dc/aca43dc12db133b1fddbf1bb81ae8798db3e01
  .git/objects/de/f0bbe50ce8f8b471053b0875da8320f8bc6536
  .git/objects/e1/7a69687486916bdbed05e691d8510652763553
  .git/objects/e1/7c5042f40da0bcb65164ac98ecd9f032ec7b6d
  .git/objects/e6/9de29bb2d1d6434b8b29ae775ad8c2e48c5391
  .git/objects/ef/d925466efbdabd2ce961002de55e987653d2a5
  .git/objects/f0/67cbbd368038b5a3b81c23106c77b42de00b96
  .git/objects/fe/b77c50821fa865e2872d4146a2b330cad1c3e5
Source packages should not contain undeclared executable files.
See section ‘Package structure’ in the ‘Writing R Extensions’ manual.
* checking for hidden files and directories ... NOTE
Found the following hidden files and directories:
  .RData
  .Rhistory
  .gitignore
  ..Rcheck
  .Rproj.user
  .git
These were most likely included in error. See section ‘Package structure’ in the ‘Writing R Extensions’ manual.
* checking for portable file names ... OK
* checking for sufficient/correct file permissions ... OK
* checking whether package ‘yhatr’ can be installed ... OK
* checking installed package size ... OK
* checking package directory ... OK
* checking DESCRIPTION meta-information ... OK
* checking top-level files ... OK
* checking for left-over files ... OK
* checking index information ... WARNING
Empty or missing file ‘demo/00Index’.
See the information on INDEX files and package subdirectories in the chapter ‘Creating R packages’ of the ‘Writing R Extensions’ manual.
* checking package subdirectories ... WARNING
Found the following directory with the name of a check directory:
  ./..Rcheck
Most likely, these were included erroneously.
Subdirectory ‘demo’ contains no demos.
* checking R files for non-ASCII characters ... OK
* checking R files for syntax errors ... OK
* checking whether the package can be loaded ... OK
* checking whether the package can be loaded with stated dependencies ... OK
* checking whether the package can be unloaded cleanly ... OK
* checking whether the namespace can be loaded with stated dependencies ... OK
* checking whether the namespace can be unloaded cleanly ... OK
* checking for unstated dependencies in R code ... OK
* checking S3 generic/method consistency ... OK
* checking replacement functions ... OK
* checking foreign function calls ... OK
* checking R code for possible problems ... OK
* checking Rd files ... OK
* checking Rd metadata ... OK
* checking Rd cross-references ... WARNING
Missing link or links in documentation object ‘/Users/glamp/repos/yhat/yhatr/man/yhatR-package.Rd’:
  ‘model.transform’ ‘model.predict’ ‘model.require’
  ‘http://www.yhathq.com/’ ‘http://www.yhathq.com/docs/1’
  ‘http://www.yhathq.com/examples/’

See the information in section ‘Cross-references’ of the ‘Writing R
Extensions’ manual.

* checking for missing documentation entries ... OK
* checking for code/documentation mismatches ... OK
* checking Rd \usage sections ... WARNING
Undocumented arguments in documentation object 'yhat.get'
  ‘endpoint’ ‘query’

Undocumented arguments in documentation object 'yhat.post'
  ‘endpoint’ ‘query’ ‘data’

Functions with \usage entries need to have the appropriate \alias entries, and all their arguments documented.
The \usage entries must correspond to syntactically valid R code.
See the chapter ‘Writing R documentation files’ in the ‘Writing R Extensions’ manual.
* checking Rd contents ... OK
* checking for unstated dependencies in examples ... WARNING
‘library’ or ‘require’ call not declared from: ‘someLibrary’
* checking examples ... OK
* checking PDF version of manual ... OK
WARNING: There were 6 warnings.
NOTE: There was 1 note.
See
  ‘/Users/glamp/repos/yhat/yhatr/..Rcheck/00check.log’
for details.
